ch[debug] [2022-10-01T01:30:06.493Z] ----------------------------------------------------------------------
[debug] [2022-10-01T01:30:06.495Z] Command:       /usr/local/bin/firebase /Users/anjanagulapalyam/.cache/firebase/tools/lib/node_modules/firebase-tools/lib/bin/firebase init
[debug] [2022-10-01T01:30:06.496Z] CLI Version:   11.13.0
[debug] [2022-10-01T01:30:06.496Z] Platform:      darwin
[debug] [2022-10-01T01:30:06.496Z] Node Version:  v16.16.0
[debug] [2022-10-01T01:30:06.497Z] Time:          Fri Sep 30 2022 20:30:06 GMT-0500 (Central Daylight Time)
[debug] [2022-10-01T01:30:06.497Z] ----------------------------------------------------------------------
[debug] 
[debug] [2022-10-01T01:30:06.512Z] > command requires scopes: ["email","openid","https://www.googleapis.com/auth/cloudplatformprojects.readonly","https://www.googleapis.com/auth/firebase","https://www.googleapis.com/auth/cloud-platform"]
[debug] [2022-10-01T01:30:06.513Z] > authorizing via signed-in user (anjana.gula@gmail.com)
[info] 
     ######## #### ########  ######## ########     ###     ######  ########
     ##        ##  ##     ## ##       ##     ##  ##   ##  ##       ##
     ######    ##  ########  ######   ########  #########  ######  ######
     ##        ##  ##    ##  ##       ##     ## ##     ##       ## ##
     ##       #### ##     ## ######## ########  ##     ##  ######  ########

You're about to initialize a Firebase project in this directory:

  /Users/anjanagulapalyam/Documents/cs222/course-project-group-77/crop-planning

[info] 
=== Project Setup
[info] 
[info] First, let's associate this project directory with a Firebase project.
[info] You can create multiple project aliases by running firebase use --add, 
[info] but for now we'll just set up a default project.
[info] 
[debug] [2022-10-01T01:30:18.276Z] >>> [apiv2][query] GET https://firebase.googleapis.com/v1beta1/projects pageSize=100
[debug] [2022-10-01T01:30:18.689Z] <<< [apiv2][status] GET https://firebase.googleapis.com/v1beta1/projects 200
[debug] [2022-10-01T01:30:18.692Z] <<< [apiv2][body] GET https://firebase.googleapis.com/v1beta1/projects [omitted]
[info] i  Using project crop-planning222 (crop-planning222) 
[info] 
=== Emulators Setup
